{
  "stats": {
    "suites": 5,
    "tests": 4,
    "passes": 4,
    "pending": 0,
    "failures": 0,
    "start": "2023-11-28T14:26:10.782Z",
    "end": "2023-11-28T14:26:10.791Z",
    "duration": 9,
    "testsRegistered": 4,
    "passPercent": 100,
    "pendingPercent": 0,
    "other": 0,
    "hasOther": false,
    "skipped": 0,
    "hasSkipped": false
  },
  "results": [
    {
      "uuid": "e29f32a8-ea6c-40c5-83c0-9677eef2eddc",
      "title": "",
      "fullFile": "C:\\Users\\Admin\\Downloads\\tdd-bdd-atdd-example-master\\calc.test.js",
      "file": "\\calc.test.js",
      "beforeHooks": [],
      "afterHooks": [],
      "tests": [],
      "suites": [
        {
          "uuid": "3e0a866a-1eac-4d13-8be2-9f0d3a86195f",
          "title": "calc.js",
          "fullFile": "C:\\Users\\Admin\\Downloads\\tdd-bdd-atdd-example-master\\calc.test.js",
          "file": "\\calc.test.js",
          "beforeHooks": [],
          "afterHooks": [],
          "tests": [],
          "suites": [
            {
              "uuid": "2cba3af8-86a4-49cd-a0e9-ca9b830e5835",
              "title": "#add",
              "fullFile": "C:\\Users\\Admin\\Downloads\\tdd-bdd-atdd-example-master\\calc.test.js",
              "file": "\\calc.test.js",
              "beforeHooks": [],
              "afterHooks": [],
              "tests": [
                {
                  "title": "should add two arguments together",
                  "fullTitle": "calc.js #add should add two arguments together",
                  "timedOut": false,
                  "duration": 1,
                  "state": "passed",
                  "speed": "fast",
                  "pass": true,
                  "fail": false,
                  "pending": false,
                  "context": null,
                  "code": "(0, _chai.assert)((0, _calc.add)(int1, int2) === int1 + int2);\ndone();",
                  "err": {},
                  "uuid": "8d15b662-d4bf-47ea-9cc1-8919b36c13f3",
                  "parentUUID": "2cba3af8-86a4-49cd-a0e9-ca9b830e5835",
                  "isHook": false,
                  "skipped": false
                }
              ],
              "suites": [],
              "passes": [
                "8d15b662-d4bf-47ea-9cc1-8919b36c13f3"
              ],
              "failures": [],
              "pending": [],
              "skipped": [],
              "duration": 1,
              "root": false,
              "rootEmpty": false,
              "_timeout": 2000
            },
            {
              "uuid": "38a460ad-2e95-44aa-8f1b-55900712a780",
              "title": "#subtract",
              "fullFile": "C:\\Users\\Admin\\Downloads\\tdd-bdd-atdd-example-master\\calc.test.js",
              "file": "\\calc.test.js",
              "beforeHooks": [],
              "afterHooks": [],
              "tests": [
                {
                  "title": "should subtract arg 2 from arg 1",
                  "fullTitle": "calc.js #subtract should subtract arg 2 from arg 1",
                  "timedOut": false,
                  "duration": 0,
                  "state": "passed",
                  "speed": "fast",
                  "pass": true,
                  "fail": false,
                  "pending": false,
                  "context": null,
                  "code": "(0, _chai.assert)((0, _calc.subtract)(int1, int2) === int1 - int2);\ndone();",
                  "err": {},
                  "uuid": "bbadf8c1-3daa-471c-861b-688478bf97be",
                  "parentUUID": "38a460ad-2e95-44aa-8f1b-55900712a780",
                  "isHook": false,
                  "skipped": false
                }
              ],
              "suites": [],
              "passes": [
                "bbadf8c1-3daa-471c-861b-688478bf97be"
              ],
              "failures": [],
              "pending": [],
              "skipped": [],
              "duration": 0,
              "root": false,
              "rootEmpty": false,
              "_timeout": 2000
            },
            {
              "uuid": "ddd4eecd-deb5-4a91-8f69-08ed7ed33ee7",
              "title": "#multiply",
              "fullFile": "C:\\Users\\Admin\\Downloads\\tdd-bdd-atdd-example-master\\calc.test.js",
              "file": "\\calc.test.js",
              "beforeHooks": [],
              "afterHooks": [],
              "tests": [
                {
                  "title": "should multiply two arguments",
                  "fullTitle": "calc.js #multiply should multiply two arguments",
                  "timedOut": false,
                  "duration": 0,
                  "state": "passed",
                  "speed": "fast",
                  "pass": true,
                  "fail": false,
                  "pending": false,
                  "context": null,
                  "code": "(0, _chai.assert)((0, _calc.multiply)(int1, int2) === int1 * int2);\ndone();",
                  "err": {},
                  "uuid": "794d8b00-56b2-41f1-b7a7-6dafb4bf00c6",
                  "parentUUID": "ddd4eecd-deb5-4a91-8f69-08ed7ed33ee7",
                  "isHook": false,
                  "skipped": false
                }
              ],
              "suites": [],
              "passes": [
                "794d8b00-56b2-41f1-b7a7-6dafb4bf00c6"
              ],
              "failures": [],
              "pending": [],
              "skipped": [],
              "duration": 0,
              "root": false,
              "rootEmpty": false,
              "_timeout": 2000
            },
            {
              "uuid": "110d5ab8-4909-42ca-b7d4-dd11831d2c57",
              "title": "#divide",
              "fullFile": "C:\\Users\\Admin\\Downloads\\tdd-bdd-atdd-example-master\\calc.test.js",
              "file": "\\calc.test.js",
              "beforeHooks": [],
              "afterHooks": [],
              "tests": [
                {
                  "title": "should divide arg 1 by arg 2",
                  "fullTitle": "calc.js #divide should divide arg 1 by arg 2",
                  "timedOut": false,
                  "duration": 0,
                  "state": "passed",
                  "speed": "fast",
                  "pass": true,
                  "fail": false,
                  "pending": false,
                  "context": null,
                  "code": "(0, _chai.assert)((0, _calc.divide)(int1, int2) === int1 / int2);\ndone();",
                  "err": {},
                  "uuid": "085a6bc3-13ed-4b61-acce-03512f8df824",
                  "parentUUID": "110d5ab8-4909-42ca-b7d4-dd11831d2c57",
                  "isHook": false,
                  "skipped": false
                }
              ],
              "suites": [],
              "passes": [
                "085a6bc3-13ed-4b61-acce-03512f8df824"
              ],
              "failures": [],
              "pending": [],
              "skipped": [],
              "duration": 0,
              "root": false,
              "rootEmpty": false,
              "_timeout": 2000
            }
          ],
          "passes": [],
          "failures": [],
          "pending": [],
          "skipped": [],
          "duration": 0,
          "root": false,
          "rootEmpty": false,
          "_timeout": 2000
        }
      ],
      "passes": [],
      "failures": [],
      "pending": [],
      "skipped": [],
      "duration": 0,
      "root": true,
      "rootEmpty": true,
      "_timeout": 2000
    }
  ],
  "meta": {
    "mocha": {
      "version": "7.2.0"
    },
    "mochawesome": {
      "options": {
        "quiet": false,
        "reportFilename": "unitreport",
        "saveHtml": true,
        "saveJson": true,
        "consoleReporter": "spec",
        "useInlineDiffs": false,
        "code": true
      },
      "version": "7.1.3"
    },
    "marge": {
      "options": {
        "reportFilename": "unitreport"
      },
      "version": "6.2.0"
    }
  }
}